1615862833165	geckodriver	INFO	Listening on 127.0.0.1:59699
1615862833172	mozrunner::runner	INFO	Running command: "/usr/bin/firefox" "--marionette" "-foreground" "-no-remote" "-profile" "/tmp/rust_mozprofilehphPs1"
console.warn: SearchSettings: "get: No settings file exists, new profile?" (new Error("", "(unknown module)"))
1615862840644	Marionette	INFO	Listening on port 33473
1615862840724	Marionette	WARN	TLS certificate errors will be ignored for this session
JavaScript error: resource://activity-stream/lib/ASRouter.jsm, line 988: NS_ERROR_ILLEGAL_VALUE: Component returned failure code: 0x80070057 (NS_ERROR_ILLEGAL_VALUE) [nsIObserverService.removeObserver]
1615862859167	Marionette	INFO	Stopped listening on port 33473

###!!! [Parent][RunMessage] Error: Channel closing: too late to send/recv, messages will be lost

1615863099442	geckodriver	INFO	Listening on 127.0.0.1:45933
1615863099450	mozrunner::runner	INFO	Running command: "/usr/bin/firefox" "--marionette" "-foreground" "-no-remote" "-profile" "/tmp/rust_mozprofileejlkS8"
console.warn: SearchSettings: "get: No settings file exists, new profile?" (new Error("", "(unknown module)"))
1615863106707	Marionette	INFO	Listening on port 35809
1615863106814	Marionette	WARN	TLS certificate errors will be ignored for this session
1615863170522	geckodriver	INFO	Listening on 127.0.0.1:52375
1615863170529	mozrunner::runner	INFO	Running command: "/usr/bin/firefox" "--marionette" "-foreground" "-no-remote" "-profile" "/tmp/rust_mozprofilemCrkRI"
console.warn: SearchSettings: "get: No settings file exists, new profile?" (new Error("", "(unknown module)"))
1615863178031	Marionette	INFO	Listening on port 33283
1615863178083	Marionette	WARN	TLS certificate errors will be ignored for this session
JavaScript error: resource://activity-stream/lib/ASRouter.jsm, line 988: NS_ERROR_ILLEGAL_VALUE: Component returned failure code: 0x80070057 (NS_ERROR_ILLEGAL_VALUE) [nsIObserverService.removeObserver]
1615863287431	Marionette	INFO	Stopped listening on port 33283

###!!! [Parent][RunMessage] Error: Channel closing: too late to send/recv, messages will be lost

1615863293344	Marionette	INFO	Stopped listening on port 35809

###!!! [Parent][RunMessage] Error: Channel closing: too late to send/recv, messages will be lost

1615863520456	geckodriver	INFO	Listening on 127.0.0.1:59361
1615863520482	mozrunner::runner	INFO	Running command: "/usr/bin/firefox" "--marionette" "-foreground" "-no-remote" "-profile" "/tmp/rust_mozprofileKJ0zV2"
console.warn: SearchSettings: "get: No settings file exists, new profile?" (new Error("", "(unknown module)"))
1615863527463	Marionette	INFO	Listening on port 40519
1615863527533	Marionette	WARN	TLS certificate errors will be ignored for this session
1615863772324	geckodriver	INFO	Listening on 127.0.0.1:54663
1615863772331	mozrunner::runner	INFO	Running command: "/usr/bin/firefox" "--marionette" "-foreground" "-no-remote" "-profile" "/tmp/rust_mozprofileCp4Vlr"
console.warn: SearchSettings: "get: No settings file exists, new profile?" (new Error("", "(unknown module)"))
1615863779021	Marionette	INFO	Listening on port 43373
1615863779084	Marionette	WARN	TLS certificate errors will be ignored for this session
console.log: WebExtensions: reset-default-search: No addons in our list are installed.
1615863917256	geckodriver	INFO	Listening on 127.0.0.1:53371
1615863917263	mozrunner::runner	INFO	Running command: "/usr/bin/firefox" "--marionette" "-foreground" "-no-remote" "-profile" "/tmp/rust_mozprofileSu0N00"
console.warn: SearchSettings: "get: No settings file exists, new profile?" (new Error("", "(unknown module)"))
1615863924460	Marionette	INFO	Listening on port 41959
1615863924525	Marionette	WARN	TLS certificate errors will be ignored for this session
1615864149473	Marionette	INFO	Stopped listening on port 41959
1615864154492	Marionette	INFO	Stopped listening on port 43373

###!!! [Parent][RunMessage] Error: Channel closing: too late to send/recv, messages will be lost

1615864594031	Marionette	INFO	Stopped listening on port 40519

###!!! [Parent][RunMessage] Error: Channel closing: too late to send/recv, messages will be lost

